{
  "RSpec": {
    "coverage": {
      "/root/CharacterPortfolio/app/models/user.rb": {
        "lines": [
          1,
          null,
          null,
          1,
          null,
          1,
          1,
          1,
          1,
          1,
          null,
          null
        ]
      },
      "/root/CharacterPortfolio/app/models/application_record.rb": {
        "lines": [
          1,
          1,
          null
        ]
      },
      "/root/CharacterPortfolio/app/helpers/application_helper.rb": {
        "lines": [
          1,
          null
        ]
      },
      "/root/CharacterPortfolio/app/helpers/characters_helper.rb": {
        "lines": [
          1,
          null
        ]
      },
      "/root/CharacterPortfolio/app/controllers/characters_controller.rb": {
        "lines": [
          1,
          1,
          1,
          null,
          1,
          5,
          null,
          null,
          null,
          1,
          null,
          null,
          null,
          1,
          0,
          null,
          null,
          null,
          1,
          null,
          null,
          null,
          1,
          0,
          null,
          0,
          0,
          0,
          0,
          null,
          0,
          0,
          null,
          null,
          null,
          null,
          null,
          1,
          0,
          0,
          0,
          0,
          null,
          0,
          0,
          null,
          null,
          null,
          null,
          null,
          1,
          0,
          null,
          0,
          0,
          0,
          null,
          null,
          null,
          1,
          null,
          1,
          5,
          null,
          null,
          null,
          1,
          0,
          null,
          null
        ]
      },
      "/root/CharacterPortfolio/app/controllers/application_controller.rb": {
        "lines": [
          1,
          null
        ]
      },
      "/root/CharacterPortfolio/app/models/character.rb": {
        "lines": [
          1,
          1,
          1,
          1,
          1,
          null
        ]
      },
      "/root/CharacterPortfolio/app/uploaders/image_uploader.rb": {
        "lines": [
          1,
          1,
          0,
          0,
          null,
          null
        ]
      }
    },
    "timestamp": 1682717287
  }
}
